TN:
SF:/Users/BMV/Documents/Projects/scratch-2016/src/client/action/hello.js
FN:17,(anonymous_0)
FN:17,(anonymous_1)
FN:20,(anonymous_2)
FN:24,(anonymous_3)
FN:28,(anonymous_4)
FNF:5
FNH:5
FNDA:3,(anonymous_0)
FNDA:3,(anonymous_1)
FNDA:3,(anonymous_2)
FNDA:2,(anonymous_3)
FNDA:2,(anonymous_4)
DA:7,2
DA:8,2
DA:9,2
DA:10,2
DA:12,2
DA:13,2
DA:14,2
DA:15,2
DA:17,3
DA:18,3
DA:19,3
DA:21,3
DA:22,2
DA:25,2
DA:26,1
DA:29,2
LF:16
LH:16
BRDA:21,0,0,1
BRDA:21,0,1,2
BRDA:25,1,0,1
BRDA:25,1,1,1
BRF:4
BRH:4
end_of_record
TN:
SF:/Users/BMV/Documents/Projects/scratch-2016/src/client/reducer/hello.js
FN:17,(anonymous_0)
FNF:1
FNH:1
FNDA:9,(anonymous_0)
DA:12,1
DA:17,1
DA:18,9
DA:20,1
DA:22,1
DA:24,1
DA:26,1
DA:28,5
LF:8
LH:8
BRDA:17,0,0,5
BRDA:18,1,0,1
BRDA:18,1,1,1
BRDA:18,1,2,1
BRDA:18,1,3,1
BRDA:18,1,4,5
BRF:6
BRH:6
end_of_record
TN:
SF:/Users/BMV/Documents/Projects/scratch-2016/src/shared/routes.js
FN:8,(anonymous_0)
FNF:1
FNH:1
FNDA:8,(anonymous_0)
DA:2,3
DA:3,3
DA:4,3
DA:5,3
DA:8,8
LF:5
LH:5
BRDA:8,0,0,8
BRDA:8,0,1,1
BRF:2
BRH:2
end_of_record
